Drawing lesions for cell in cells/grcm38.p6_rounded_autosomes_driver_loci_freq_5/2024-06-02_13-23/
Lesion rate is: None
Lesion counts are: drivers = 3, other = 0
Driver same chromosome: False, same strand: False
Driver lesions are selected to have max selected selection coefecients 0.5, with one driver having selection coeficient 0.2
Random seed 7
3: {139199233: 0.2}
4: {3344769: 0.1180339887498949}
15: {17824013: 0.1180339887498949}
0: {}
1: {}
2: {}
5: {}
6: {}
7: {}
8: {}
9: {}
10: {}
11: {}
12: {}
13: {}
14: {}
16: {}
17: {}
18: {}
