     sample     sample_id  ...  dist_div5  min_dist_cluser
0  88305_N2  88305_N2.hmm  ...   1.118345                2
1  88307_N7  88307_N7.hmm  ...   0.749253                2
2  88581_N2  88581_N2.hmm  ...   0.833560                2
3  88625_N1  88625_N1.hmm  ...   1.333571                2
4  89374_N2  89374_N2.hmm  ...   0.168558                5

[5 rows x 71 columns]
88305_N2
88307_N7
88581_N2
88625_N1
89374_N2
89375_N1
89484_N1
89487_N1
89488_N1
89489_N4
89489_N6
89489_N9
89807_N3
89808_N1
89985_N1
89985_N2
89985_N4
89986_N1
89986_N2
89986_N4
89995_N1
89995_N2
90004_N1
90004_N2
90004_N3
90004_N4
90004_N5
90004_N6
90022_N1
90022_N2
90068_N2
90170_N3
90211_N1
90302_N1
90400_N4
90400_N5
90402_N1
90446_N1
90446_N3
90447_N3
90526_N2
90590_N1
90590_N2
90721_N1
90732_N1
90732_N2
90789_N1
90789_N2
90791_N2
90791_N3
90793_N2
90796_N2
90797_N1
90797_N2
90797_N3
90798_N1
90801_N1
90802_N1
90803_N2
90803_N3
90803_N4
90803_N7
90803_N8
90810_N1
90810_N3
90810_N6
90880_N1
90885_N1
90885_N2
90886_N2
90886_N3
90886_N4
90886_N5
90887_N2
90887_N3
90887_N4
90888_N1
90888_N4
90888_N5
91058_N2
91097_N1
91097_N2
91099_N1
91099_N2
91100_N1
91100_N2
91100_N3
91100_N4
91113_N1
91113_N2
91113_N3
91113_N4
91113_N5
91113_N6
91113_N7
91114_N1
91143_N1
91208_N1
91208_N2
91213_N2
91213_N3
91215_N1
91215_N2
91215_N4
91215_N5
91215_N6
91215_N7
91215_N8
91215_N9
91216_N1
91216_N3
91216_N4
91216_N5
91216_N6
91217_N1
91217_N2
91217_N3
91218_N1
91218_N3
91218_N5
91218_N6
91376_N2
91414_N2
91415_N1
91415_N2
91415_N5
91424_N1
91429_N1
91429_N2
91430_N2
91430_N3
91431_N1
91432_N2
91523_N1
91531_N1
91531_N3
91532_N2
91539_N1
91539_N3
91539_N4
91539_N5
91540_N1
91588_N1
91589_N1
91598_N1
91599_N1
91599_N2
91604_C1
91604_N1
91605_N1
91611_N1
91612_N2
91613_N1
91613_N2
91615_N2
91615_N4
91615_N5
91615_N8
91618_N1
91618_N2
91618_N3
91619_N1
91620_N1
91620_N3
91620_N5
91620_N6
91620_N7
91622_N1
91832_N1
91833_N1
91835_N2
91837_N1
91837_N2
91837_N3
91837_N5
91837_N6
91838_N2
91838_N3
91838_N4
91838_N5
91839_N1
91839_N2
91839_N3
91842_N1
91842_N5
91864_N1
91864_N2
91864_N3
91864_N4
91865_N3
91867_N1
91867_N2
91928_N1
91928_N3
91928_N4
91929_N2
91929_N5
91930_N2
91931_N1
91931_N2
91931_N3
91931_N4
91931_N5
91931_N6
91932_N1
91932_N2
91932_N3
91932_N4
91932_N5
91932_N6
91932_N7
91942_N1
91942_N2
91942_N3
91943_N2
91944_N1
91944_N2
91945_N1
91948_N1
91948_N2
91948_N4
92057_N1
92057_N2
92057_N3
92057_N4
92057_N5
92058_N1
92058_N2
92104_N1
92104_N2
92104_N4
92104_N5
92105_N1
92105_N2
92105_N3
92105_N4
92105_N5
92105_N6
92105_N7
92105_N8
92186_N3
92186_N5
92186_N7
92187_N1
92187_N2
92187_N3
92187_N4
92187_N5
92187_N6
92187_N7
92188_N1
92188_N2
92188_N4
92188_N5
92188_N6
92188_N7
92189_N1
92189_N2
92189_N6
92189_N7
92294_N1
92294_N2
93091_N1
93091_N2
93091_N3
93091_N4
93091_N6
93091_N7
93091_N8
93092_N1
93092_N2
93092_N3
93092_N5
93092_N6
93092_N7
93092_N8
93094_N1
93094_N2
93096_N1
93096_N3
93096_N4
93096_N5
93096_N6
93097_N1
93098_N1
93099_N1
93100_N1
93100_N3
93100_N4
93100_N6
93129_N1
93129_N2
93129_N3
93129_N4
93129_N6
93129_N7
93129_N8
93129_N9
93131_N1
93131_N2
93131_N3
93131_N4
93131_N5
93131_N7
93131_N8
93132_N1
93132_N2
93133_N1
93133_N4
93241_N1
93241_N2
93242_N1
93242_N2
93243_N1
93243_N2
93244_N1
93244_N2
93244_N3
93244_N4
93244_N5
93244_N6
93244_N8
93256_N1
93258_N1
93258_N10
93258_N11
93258_N12
93258_N2
93258_N3
93258_N4
93258_N5
93258_N6
93258_N7
93258_N8
93258_N9
93259_N1
93259_N2
93259_N3
93260_N2
93260_N3
93260_N4
93260_N5
93260_N6
93260_N7
93260_N8
94314_N3
94314_N4
94314_N5
94314_N6
94314_N7
94315_N10
94315_N2
94315_N3
94315_N4
94315_N5
94315_N7
94315_N8
94316_N3
