Creating cell with chrom sizes from file chr_length_files/grcm38.p6_rounded_autosomes.txt, drivers drawn as with frequency 5
Random seed 42
drivers in chr 0: [ 56755036 191100010 127521863 155299516 147532820]
drivers in chr 1: [133224038  35788921 133120466 160953558  93410762]
drivers in chr 2: [ 91090292  76737383  88358551 111190146  88409749]
drivers in chr 3: [139199233 148171095  85652971   4521373 106683173]
drivers in chr 4: [  3344769 106328085  30349564  99052376 106406362]
drivers in chr 5: [106777086  62250665  79757501 120716221  52286002]
drivers in chr 6: [ 32049003  61136438 128482111 125683192  55831368]
drivers in chr 7: [ 10959014  56972561  48900483  20193880 120826171]
drivers in chr 8: [  3385357 116596977  44738553 100346632  68574553]
drivers in chr 9: [ 16845364  52157313 120186195  95672411  11392366]
drivers in chr 10: [116022203 121497030  69778859 113502716  88883975]
drivers in chr 11: [13479854 73506850 13187277 68979792 37709731]
drivers in chr 12: [111609393  26939239  23027075  81200125  86191493]
drivers in chr 13: [ 87796277  66401385  22335235 122855221    271836]
drivers in chr 14: [ 3584702 52631083  8585377 86544585 85157821]
drivers in chr 15: [87655395 17824013 36601694 67105583 60304654]
drivers in chr 16: [34119117 36433622 89482491 60031992 55105831]
drivers in chr 17: [ 3366612 58743503 36258670 69739572 55848857]
drivers in chr 18: [52099288 57055419 49160571 44556780  1285160]
